<?xml version="1.0" encoding="UTF-8"?>
<testng-results ignored="0" total="1" passed="1" failed="0" skipped="0">
  <reporter-output>
  </reporter-output>
  <suite started-at="2023-02-21T22:26:00 IST" name="Suite" finished-at="2023-02-21T22:26:02 IST" duration-ms="2490">
    <groups>
    </groups>
    <test started-at="2023-02-21T22:26:00 IST" name="Test" finished-at="2023-02-21T22:26:02 IST" duration-ms="2490">
      <class name="testCases.Test1">
        <test-method signature="test1(java.lang.String)[pri:0, instance:testCases.Test1@194bcebf]" started-at="2023-02-21T22:26:00 IST" name="test1" finished-at="2023-02-21T22:26:02 IST" duration-ms="2416" status="PASS">
          <params>
            <param index="0">
              <value>
                <![CDATA[chrome]]>
              </value>
            </param>
          </params>
          <reporter-output>
          </reporter-output>
        </test-method> <!-- test1 -->
      </class> <!-- testCases.Test1 -->
    </test> <!-- Test -->
  </suite> <!-- Suite -->
</testng-results>
